<?xml version="1.0" encoding="UTF-8"?>
<testng-results skipped="0" failed="0" total="3" passed="3">
  <reporter-output>
  </reporter-output>
  <suite name="Suite" duration-ms="19" started-at="2016-05-06T23:30:27Z" finished-at="2016-05-06T23:30:27Z">
    <groups>
    </groups>
    <test name="Test" duration-ms="19" started-at="2016-05-06T23:30:27Z" finished-at="2016-05-06T23:30:27Z">
      <class name="com.NewTest1">
        <test-method status="PASS" signature="login()[pri:0, instance:com.NewTest1@4563e9ab]" name="login" is-config="true" duration-ms="8" started-at="2016-05-06T16:30:27Z" finished-at="2016-05-06T16:30:27Z">
          <reporter-output>
          </reporter-output>
        </test-method> <!-- login -->
        <test-method status="PASS" signature="addCurrency()[pri:0, instance:com.NewTest1@4563e9ab]" name="addCurrency" duration-ms="1" started-at="2016-05-06T16:30:27Z" finished-at="2016-05-06T16:30:27Z">
          <reporter-output>
          </reporter-output>
        </test-method> <!-- addCurrency -->
        <test-method status="PASS" signature="addProduct()[pri:0, instance:com.NewTest1@4563e9ab]" name="addProduct" duration-ms="1" started-at="2016-05-06T16:30:27Z" finished-at="2016-05-06T16:30:27Z">
          <reporter-output>
          </reporter-output>
        </test-method> <!-- addProduct -->
        <test-method status="PASS" signature="addVendor()[pri:0, instance:com.NewTest1@4563e9ab]" name="addVendor" duration-ms="0" started-at="2016-05-06T16:30:27Z" finished-at="2016-05-06T16:30:27Z">
          <reporter-output>
          </reporter-output>
        </test-method> <!-- addVendor -->
        <test-method status="PASS" signature="logout()[pri:0, instance:com.NewTest1@4563e9ab]" name="logout" is-config="true" duration-ms="1" started-at="2016-05-06T16:30:27Z" finished-at="2016-05-06T16:30:27Z">
          <reporter-output>
          </reporter-output>
        </test-method> <!-- logout -->
      </class> <!-- com.NewTest1 -->
    </test> <!-- Test -->
  </suite> <!-- Suite -->
</testng-results>
