<?xml version="1.0" encoding="UTF-8"?>
<!-- Generated by org.testng.reporters.JUnitXMLReporter -->
<testsuite hostname="santhi" name="SanityTests" tests="6" failures="0" timestamp="6 May 2016 21:25:36 GMT" time="0.029" errors="0">
  <testcase name="addCurrency" time="0.003" classname="com.NewTest1"/>
  <testcase name="addProduct" time="0.001" classname="com.NewTest1"/>
  <testcase name="addVendor" time="0.0" classname="com.NewTest1"/>
  <testcase name="deleteCurrency" time="0.0" classname="com.NewTest2"/>
  <testcase name="deleteProduct" time="0.0" classname="com.NewTest2"/>
  <testcase name="deleteVendor" time="0.0" classname="com.NewTest2"/>
</testsuite> <!-- SanityTests -->
